2024-08-23 16:52:32 [restartedMain] INFO  c.e.LilMarket.LilMarketApplication - Starting LilMarketApplication using Java 22.0.2 with PID 16936 (C:\Users\Administrator\Documents\LilMercadinhoAPI\lil-market-api\target\classes started by Administrator in C:\Users\Administrator\Documents\LilMercadinhoAPI\lil-market-api)
2024-08-23 16:52:32 [restartedMain] DEBUG c.e.LilMarket.LilMarketApplication - Running with Spring Boot v3.1.5, Spring v6.0.13
2024-08-23 16:52:32 [restartedMain] INFO  c.e.LilMarket.LilMarketApplication - No active profile set, falling back to 1 default profile: "default"
2024-08-23 16:52:32 [restartedMain] INFO  o.s.b.d.e.DevToolsPropertyDefaultsPostProcessor - Devtools property defaults active! Set 'spring.devtools.add-properties' to 'false' to disable
2024-08-23 16:52:32 [restartedMain] INFO  o.s.b.d.e.DevToolsPropertyDefaultsPostProcessor - For additional web related logging consider setting the 'logging.level.web' property to 'DEBUG'
2024-08-23 16:52:33 [restartedMain] INFO  o.s.d.r.c.RepositoryConfigurationDelegate - Bootstrapping Spring Data JPA repositories in DEFAULT mode.
2024-08-23 16:52:33 [restartedMain] INFO  o.s.d.r.c.RepositoryConfigurationDelegate - Finished Spring Data repository scanning in 18 ms. Found 0 JPA repository interfaces.
2024-08-23 16:52:33 [restartedMain] INFO  o.s.b.w.e.tomcat.TomcatWebServer - Tomcat initialized with port(s): 8080 (http)
2024-08-23 16:52:33 [restartedMain] INFO  o.a.coyote.http11.Http11NioProtocol - Initializing ProtocolHandler ["http-nio-8080"]
2024-08-23 16:52:33 [restartedMain] INFO  o.a.catalina.core.StandardService - Starting service [Tomcat]
2024-08-23 16:52:33 [restartedMain] INFO  o.a.catalina.core.StandardEngine - Starting Servlet engine: [Apache Tomcat/10.1.15]
2024-08-23 16:52:33 [restartedMain] INFO  o.a.c.c.C.[Tomcat].[localhost].[/] - Initializing Spring embedded WebApplicationContext
2024-08-23 16:52:33 [restartedMain] INFO  o.s.b.w.s.c.ServletWebServerApplicationContext - Root WebApplicationContext: initialization completed in 1423 ms
2024-08-23 16:52:33 [restartedMain] INFO  com.zaxxer.hikari.HikariDataSource - HikariPool-1 - Starting...
2024-08-23 16:52:34 [restartedMain] INFO  com.zaxxer.hikari.pool.HikariPool - HikariPool-1 - Added connection com.mysql.cj.jdbc.ConnectionImpl@d19fac2
2024-08-23 16:52:34 [restartedMain] INFO  com.zaxxer.hikari.HikariDataSource - HikariPool-1 - Start completed.
2024-08-23 16:52:34 [restartedMain] INFO  o.h.jpa.internal.util.LogHelper - HHH000204: Processing PersistenceUnitInfo [name: default]
2024-08-23 16:52:34 [restartedMain] INFO  org.hibernate.Version - HHH000412: Hibernate ORM core version 6.2.13.Final
2024-08-23 16:52:34 [restartedMain] INFO  org.hibernate.cfg.Environment - HHH000406: Using bytecode reflection optimizer
2024-08-23 16:52:34 [restartedMain] INFO  o.s.o.j.p.SpringPersistenceUnitInfo - No LoadTimeWeaver setup: ignoring JPA class transformer
2024-08-23 16:52:35 [restartedMain] INFO  o.h.e.t.j.p.i.JtaPlatformInitiator - HHH000489: No JTA platform available (set 'hibernate.transaction.jta.platform' to enable JTA platform integration)
2024-08-23 16:52:35 [restartedMain] INFO  o.s.o.j.LocalContainerEntityManagerFactoryBean - Initialized JPA EntityManagerFactory for persistence unit 'default'
2024-08-23 16:52:35 [restartedMain] INFO  o.s.s.p.JdbcUserDetailsManager - No authentication manager set. Reauthentication of users when changing passwords will not be performed.
2024-08-23 16:52:35 [restartedMain] WARN  o.s.b.a.o.j.JpaBaseConfiguration$JpaWebConfiguration - spring.jpa.open-in-view is enabled by default. Therefore, database queries may be performed during view rendering. Explicitly configure spring.jpa.open-in-view to disable this warning
2024-08-23 16:52:36 [restartedMain] INFO  o.s.s.web.DefaultSecurityFilterChain - Will secure any request with [org.springframework.security.web.session.DisableEncodeUrlFilter@74488de0, org.springframework.security.web.context.request.async.WebAsyncManagerIntegrationFilter@44476fd7, org.springframework.security.web.context.SecurityContextHolderFilter@7765a8e1, org.springframework.security.web.header.HeaderWriterFilter@b5a8a38, org.springframework.security.web.authentication.logout.LogoutFilter@754da4c9, org.springframework.security.web.authentication.www.BasicAuthenticationFilter@35e0abfd, org.springframework.security.web.savedrequest.RequestCacheAwareFilter@4eaeb9c1, org.springframework.security.web.servletapi.SecurityContextHolderAwareRequestFilter@2aeac64, org.springframework.security.web.authentication.AnonymousAuthenticationFilter@6edb21b1, org.springframework.security.web.access.ExceptionTranslationFilter@19139d68, com.eduribeiro8.LilMarket.security.logging.LoggingPreAuthFilter@b7f4ef7, org.springframework.security.web.access.intercept.AuthorizationFilter@4e53e535, com.eduribeiro8.LilMarket.security.logging.LoggingFilter@3be8f5f5]
2024-08-23 16:52:36 [restartedMain] INFO  o.s.b.d.a.OptionalLiveReloadServer - LiveReload server is running on port 35729
2024-08-23 16:52:36 [restartedMain] INFO  o.a.coyote.http11.Http11NioProtocol - Starting ProtocolHandler ["http-nio-8080"]
2024-08-23 16:52:36 [restartedMain] INFO  o.s.b.w.e.tomcat.TomcatWebServer - Tomcat started on port(s): 8080 (http) with context path ''
2024-08-23 16:52:36 [restartedMain] INFO  c.e.LilMarket.LilMarketApplication - Started LilMarketApplication in 4.23 seconds (process running for 5.1)
2024-08-23 16:52:42 [http-nio-8080-exec-1] INFO  o.a.c.c.C.[Tomcat].[localhost].[/] - Initializing Spring DispatcherServlet 'dispatcherServlet'
2024-08-23 16:52:42 [http-nio-8080-exec-1] INFO  o.s.web.servlet.DispatcherServlet - Initializing Servlet 'dispatcherServlet'
2024-08-23 16:52:42 [http-nio-8080-exec-1] INFO  o.s.web.servlet.DispatcherServlet - Completed initialization in 2 ms
2024-08-23 16:52:42 [http-nio-8080-exec-1] INFO  c.e.L.security.logging.LoggingFilter - Incoming request from IP=0:0:0:0:0:0:0:1: GET /product/id/1
2024-08-23 16:52:42 [http-nio-8080-exec-1] INFO  c.e.L.security.logging.LoggingFilter - Incoming request from user=teste3(0:0:0:0:0:0:0:1): GET /product/id/1
2024-08-23 16:52:42 [http-nio-8080-exec-1] INFO  c.e.L.security.logging.LoggingFilter - Response to user=teste3: status=200 duration=393ms
2024-08-23 16:52:42 [http-nio-8080-exec-1] INFO  c.e.L.security.logging.LoggingFilter - Response to IP=0:0:0:0:0:0:0:1: status=200 duration=409ms
2024-08-23 16:53:30 [http-nio-8080-exec-3] INFO  c.e.L.security.logging.LoggingFilter - Incoming request from IP=0:0:0:0:0:0:0:1: POST /product/
2024-08-23 16:53:30 [http-nio-8080-exec-3] INFO  c.e.L.security.logging.LoggingFilter - Incoming request from user=teste3(0:0:0:0:0:0:0:1): POST /product/
2024-08-23 16:53:30 [http-nio-8080-exec-3] INFO  c.e.L.security.logging.LoggingFilter - Response to user=teste3: status=404 duration=4ms
2024-08-23 16:53:30 [http-nio-8080-exec-3] INFO  c.e.L.security.logging.LoggingFilter - Response to IP=0:0:0:0:0:0:0:1: status=404 duration=7ms
2024-08-23 16:53:30 [http-nio-8080-exec-3] INFO  c.e.L.security.logging.LoggingFilter - Incoming request from IP=0:0:0:0:0:0:0:1: POST /error
2024-08-23 16:53:30 [http-nio-8080-exec-3] INFO  c.e.L.security.logging.LoggingFilter - Response to IP=0:0:0:0:0:0:0:1: status=404 duration=14ms
2024-08-23 16:54:03 [http-nio-8080-exec-4] INFO  c.e.L.security.logging.LoggingFilter - Incoming request from IP=0:0:0:0:0:0:0:1: POST /product/
2024-08-23 16:54:03 [http-nio-8080-exec-4] INFO  c.e.L.security.logging.LoggingFilter - Incoming request from user=teste3(0:0:0:0:0:0:0:1): POST /product/
2024-08-23 16:54:03 [http-nio-8080-exec-4] INFO  c.e.L.security.logging.LoggingFilter - Response to user=teste3: status=404 duration=4ms
2024-08-23 16:54:03 [http-nio-8080-exec-4] INFO  c.e.L.security.logging.LoggingFilter - Response to IP=0:0:0:0:0:0:0:1: status=404 duration=5ms
2024-08-23 16:54:03 [http-nio-8080-exec-4] INFO  c.e.L.security.logging.LoggingFilter - Incoming request from IP=0:0:0:0:0:0:0:1: POST /error
2024-08-23 16:54:03 [http-nio-8080-exec-4] INFO  c.e.L.security.logging.LoggingFilter - Response to IP=0:0:0:0:0:0:0:1: status=404 duration=2ms
2024-08-23 16:54:26 [http-nio-8080-exec-5] INFO  c.e.L.security.logging.LoggingFilter - Incoming request from IP=0:0:0:0:0:0:0:1: POST /product/
2024-08-23 16:54:26 [http-nio-8080-exec-5] INFO  c.e.L.security.logging.LoggingFilter - Incoming request from user=teste3(0:0:0:0:0:0:0:1): POST /product/
2024-08-23 16:54:26 [http-nio-8080-exec-5] INFO  c.e.L.security.logging.LoggingFilter - Response to user=teste3: status=404 duration=3ms
2024-08-23 16:54:26 [http-nio-8080-exec-5] INFO  c.e.L.security.logging.LoggingFilter - Response to IP=0:0:0:0:0:0:0:1: status=404 duration=4ms
2024-08-23 16:54:26 [http-nio-8080-exec-5] INFO  c.e.L.security.logging.LoggingFilter - Incoming request from IP=0:0:0:0:0:0:0:1: POST /error
2024-08-23 16:54:26 [http-nio-8080-exec-5] INFO  c.e.L.security.logging.LoggingFilter - Response to IP=0:0:0:0:0:0:0:1: status=404 duration=2ms
2024-08-23 16:54:30 [http-nio-8080-exec-6] INFO  c.e.L.security.logging.LoggingFilter - Incoming request from IP=0:0:0:0:0:0:0:1: GET /product/
2024-08-23 16:54:30 [http-nio-8080-exec-6] INFO  c.e.L.security.logging.LoggingFilter - Incoming request from user=teste3(0:0:0:0:0:0:0:1): GET /product/
2024-08-23 16:54:30 [http-nio-8080-exec-6] INFO  c.e.L.security.logging.LoggingFilter - Response to user=teste3: status=404 duration=6ms
2024-08-23 16:54:30 [http-nio-8080-exec-6] INFO  c.e.L.security.logging.LoggingFilter - Response to IP=0:0:0:0:0:0:0:1: status=404 duration=8ms
2024-08-23 16:54:30 [http-nio-8080-exec-6] INFO  c.e.L.security.logging.LoggingFilter - Incoming request from IP=0:0:0:0:0:0:0:1: GET /error
2024-08-23 16:54:30 [http-nio-8080-exec-6] INFO  c.e.L.security.logging.LoggingFilter - Response to IP=0:0:0:0:0:0:0:1: status=404 duration=4ms
2024-08-23 16:54:52 [http-nio-8080-exec-7] INFO  c.e.L.security.logging.LoggingFilter - Incoming request from IP=0:0:0:0:0:0:0:1: GET /product
2024-08-23 16:54:52 [http-nio-8080-exec-7] INFO  c.e.L.security.logging.LoggingFilter - Incoming request from user=teste3(0:0:0:0:0:0:0:1): GET /product
2024-08-23 16:54:52 [http-nio-8080-exec-7] INFO  c.e.L.security.logging.LoggingFilter - Response to user=teste3: status=200 duration=6ms
2024-08-23 16:54:52 [http-nio-8080-exec-7] INFO  c.e.L.security.logging.LoggingFilter - Response to IP=0:0:0:0:0:0:0:1: status=200 duration=8ms
2024-08-23 16:54:58 [http-nio-8080-exec-8] INFO  c.e.L.security.logging.LoggingFilter - Incoming request from IP=0:0:0:0:0:0:0:1: POST /product
2024-08-23 16:54:58 [http-nio-8080-exec-8] INFO  c.e.L.security.logging.LoggingFilter - Incoming request from user=teste3(0:0:0:0:0:0:0:1): POST /product
2024-08-23 16:54:58 [http-nio-8080-exec-8] WARN  o.s.w.s.m.s.DefaultHandlerExceptionResolver - Resolved [org.springframework.http.converter.HttpMessageNotReadableException: Required request body is missing: public com.eduribeiro8.LilMarket.entity.Product com.eduribeiro8.LilMarket.rest.ProductController.saveProduct(com.eduribeiro8.LilMarket.entity.Product)]
2024-08-23 16:54:58 [http-nio-8080-exec-8] INFO  c.e.L.security.logging.LoggingFilter - Response to user=teste3: status=400 duration=6ms
2024-08-23 16:54:58 [http-nio-8080-exec-8] INFO  c.e.L.security.logging.LoggingFilter - Response to IP=0:0:0:0:0:0:0:1: status=400 duration=7ms
2024-08-23 16:54:58 [http-nio-8080-exec-8] INFO  c.e.L.security.logging.LoggingFilter - Incoming request from IP=0:0:0:0:0:0:0:1: POST /error
2024-08-23 16:54:58 [http-nio-8080-exec-8] INFO  c.e.L.security.logging.LoggingFilter - Response to IP=0:0:0:0:0:0:0:1: status=400 duration=3ms
2024-08-23 16:59:09 [http-nio-8080-exec-10] INFO  c.e.L.security.logging.LoggingFilter - Incoming request from IP=0:0:0:0:0:0:0:1: POST /product
2024-08-23 16:59:09 [http-nio-8080-exec-10] INFO  c.e.L.security.logging.LoggingFilter - Incoming request from user=teste3(0:0:0:0:0:0:0:1): POST /product
2024-08-23 16:59:09 [http-nio-8080-exec-10] WARN  o.h.e.jdbc.spi.SqlExceptionHelper - SQL Error: 1048, SQLState: 23000
2024-08-23 16:59:09 [http-nio-8080-exec-10] ERROR o.h.e.jdbc.spi.SqlExceptionHelper - Column 'name' cannot be null
2024-08-23 16:59:09 [http-nio-8080-exec-10] ERROR o.a.c.c.C.[.[.[.[dispatcherServlet] - Servlet.service() for servlet [dispatcherServlet] in context with path [] threw exception [Request processing failed: org.springframework.dao.DataIntegrityViolationException: could not execute statement [Column 'name' cannot be null] [insert into products (barcode,description,name,price,category,quantity_in_stock) values (?,?,?,?,?,?)]; SQL [insert into products (barcode,description,name,price,category,quantity_in_stock) values (?,?,?,?,?,?)]; constraint [null]] with root cause
java.sql.SQLIntegrityConstraintViolationException: Column 'name' cannot be null
	at com.mysql.cj.jdbc.exceptions.SQLError.createSQLException(SQLError.java:118)
	at com.mysql.cj.jdbc.exceptions.SQLExceptionsMapping.translateException(SQLExceptionsMapping.java:122)
	at com.mysql.cj.jdbc.ClientPreparedStatement.executeInternal(ClientPreparedStatement.java:916)
	at com.mysql.cj.jdbc.ClientPreparedStatement.executeUpdateInternal(ClientPreparedStatement.java:1061)
	at com.mysql.cj.jdbc.ClientPreparedStatement.executeUpdateInternal(ClientPreparedStatement.java:1009)
	at com.mysql.cj.jdbc.ClientPreparedStatement.executeLargeUpdate(ClientPreparedStatement.java:1320)
	at com.mysql.cj.jdbc.ClientPreparedStatement.executeUpdate(ClientPreparedStatement.java:994)
	at com.zaxxer.hikari.pool.ProxyPreparedStatement.executeUpdate(ProxyPreparedStatement.java:61)
	at com.zaxxer.hikari.pool.HikariProxyPreparedStatement.executeUpdate(HikariProxyPreparedStatement.java)
	at org.hibernate.engine.jdbc.internal.ResultSetReturnImpl.executeUpdate(ResultSetReturnImpl.java:275)
	at org.hibernate.id.insert.GetGeneratedKeysDelegate.performInsert(GetGeneratedKeysDelegate.java:107)
	at org.hibernate.engine.jdbc.mutation.internal.MutationExecutorPostInsertSingleTable.execute(MutationExecutorPostInsertSingleTable.java:100)
	at org.hibernate.persister.entity.mutation.InsertCoordinator.doStaticInserts(InsertCoordinator.java:171)
	at org.hibernate.persister.entity.mutation.InsertCoordinator.coordinateInsert(InsertCoordinator.java:112)
	at org.hibernate.persister.entity.AbstractEntityPersister.insert(AbstractEntityPersister.java:2780)
	at org.hibernate.action.internal.EntityIdentityInsertAction.execute(EntityIdentityInsertAction.java:81)
	at org.hibernate.engine.spi.ActionQueue.execute(ActionQueue.java:676)
	at org.hibernate.engine.spi.ActionQueue.addResolvedEntityInsertAction(ActionQueue.java:291)
	at org.hibernate.engine.spi.ActionQueue.addInsertAction(ActionQueue.java:272)
	at org.hibernate.engine.spi.ActionQueue.addAction(ActionQueue.java:322)
	at org.hibernate.event.internal.AbstractSaveEventListener.addInsertAction(AbstractSaveEventListener.java:363)
	at org.hibernate.event.internal.AbstractSaveEventListener.performSaveOrReplicate(AbstractSaveEventListener.java:277)
	at org.hibernate.event.internal.AbstractSaveEventListener.performSave(AbstractSaveEventListener.java:180)
	at org.hibernate.event.internal.AbstractSaveEventListener.saveWithGeneratedId(AbstractSaveEventListener.java:140)
	at org.hibernate.event.internal.DefaultPersistEventListener.entityIsTransient(DefaultPersistEventListener.java:175)
	at org.hibernate.event.internal.DefaultPersistEventListener.persist(DefaultPersistEventListener.java:93)
	at org.hibernate.event.internal.DefaultPersistEventListener.onPersist(DefaultPersistEventListener.java:77)
	at org.hibernate.event.internal.DefaultPersistEventListener.onPersist(DefaultPersistEventListener.java:54)
	at org.hibernate.event.service.internal.EventListenerGroupImpl.fireEventOnEachListener(EventListenerGroupImpl.java:127)
	at org.hibernate.internal.SessionImpl.firePersist(SessionImpl.java:755)
	at org.hibernate.internal.SessionImpl.persist(SessionImpl.java:739)
	at java.base/jdk.internal.reflect.DirectMethodHandleAccessor.invoke(DirectMethodHandleAccessor.java:103)
	at java.base/java.lang.reflect.Method.invoke(Method.java:580)
	at org.springframework.orm.jpa.ExtendedEntityManagerCreator$ExtendedEntityManagerInvocationHandler.invoke(ExtendedEntityManagerCreator.java:360)
	at jdk.proxy4/jdk.proxy4.$Proxy118.persist(Unknown Source)
	at java.base/jdk.internal.reflect.DirectMethodHandleAccessor.invoke(DirectMethodHandleAccessor.java:103)
	at java.base/java.lang.reflect.Method.invoke(Method.java:580)
	at org.springframework.orm.jpa.SharedEntityManagerCreator$SharedEntityManagerInvocationHandler.invoke(SharedEntityManagerCreator.java:311)
	at jdk.proxy4/jdk.proxy4.$Proxy118.persist(Unknown Source)
	at com.eduribeiro8.LilMarket.dao.ProductDAOImpl.save(ProductDAOImpl.java:26)
	at java.base/jdk.internal.reflect.DirectMethodHandleAccessor.invoke(DirectMethodHandleAccessor.java:103)
	at java.base/java.lang.reflect.Method.invoke(Method.java:580)
	at org.springframework.aop.support.AopUtils.invokeJoinpointUsingReflection(AopUtils.java:343)
	at org.springframework.aop.framework.ReflectiveMethodInvocation.invokeJoinpoint(ReflectiveMethodInvocation.java:196)
	at org.springframework.aop.framework.ReflectiveMethodInvocation.proceed(ReflectiveMethodInvocation.java:163)
	at org.springframework.aop.framework.CglibAopProxy$CglibMethodInvocation.proceed(CglibAopProxy.java:751)
	at org.springframework.dao.support.PersistenceExceptionTranslationInterceptor.invoke(PersistenceExceptionTranslationInterceptor.java:137)
	at org.springframework.aop.framework.ReflectiveMethodInvocation.proceed(ReflectiveMethodInvocation.java:184)
	at org.springframework.aop.framework.CglibAopProxy$CglibMethodInvocation.proceed(CglibAopProxy.java:751)
	at org.springframework.transaction.interceptor.TransactionInterceptor$1.proceedWithInvocation(TransactionInterceptor.java:123)
	at org.springframework.transaction.interceptor.TransactionAspectSupport.invokeWithinTransaction(TransactionAspectSupport.java:391)
	at org.springframework.transaction.interceptor.TransactionInterceptor.invoke(TransactionInterceptor.java:119)
	at org.springframework.aop.framework.ReflectiveMethodInvocation.proceed(ReflectiveMethodInvocation.java:184)
	at org.springframework.aop.framework.CglibAopProxy$CglibMethodInvocation.proceed(CglibAopProxy.java:751)
	at org.springframework.aop.framework.CglibAopProxy$DynamicAdvisedInterceptor.intercept(CglibAopProxy.java:703)
	at com.eduribeiro8.LilMarket.dao.ProductDAOImpl$$SpringCGLIB$$0.save(<generated>)
	at com.eduribeiro8.LilMarket.service.ProductServiceImpl.save(ProductServiceImpl.java:22)
	at com.eduribeiro8.LilMarket.rest.ProductController.saveProduct(ProductController.java:36)
	at java.base/jdk.internal.reflect.DirectMethodHandleAccessor.invoke(DirectMethodHandleAccessor.java:103)
	at java.base/java.lang.reflect.Method.invoke(Method.java:580)
	at org.springframework.web.method.support.InvocableHandlerMethod.doInvoke(InvocableHandlerMethod.java:205)
	at org.springframework.web.method.support.InvocableHandlerMethod.invokeForRequest(InvocableHandlerMethod.java:150)
	at org.springframework.web.servlet.mvc.method.annotation.ServletInvocableHandlerMethod.invokeAndHandle(ServletInvocableHandlerMethod.java:118)
	at org.springframework.web.servlet.mvc.method.annotation.RequestMappingHandlerAdapter.invokeHandlerMethod(RequestMappingHandlerAdapter.java:884)
	at org.springframework.web.servlet.mvc.method.annotation.RequestMappingHandlerAdapter.handleInternal(RequestMappingHandlerAdapter.java:797)
	at org.springframework.web.servlet.mvc.method.AbstractHandlerMethodAdapter.handle(AbstractHandlerMethodAdapter.java:87)
	at org.springframework.web.servlet.DispatcherServlet.doDispatch(DispatcherServlet.java:1081)
	at org.springframework.web.servlet.DispatcherServlet.doService(DispatcherServlet.java:974)
	at org.springframework.web.servlet.FrameworkServlet.processRequest(FrameworkServlet.java:1011)
	at org.springframework.web.servlet.FrameworkServlet.doPost(FrameworkServlet.java:914)
	at jakarta.servlet.http.HttpServlet.service(HttpServlet.java:590)
	at org.springframework.web.servlet.FrameworkServlet.service(FrameworkServlet.java:885)
	at jakarta.servlet.http.HttpServlet.service(HttpServlet.java:658)
	at org.apache.catalina.core.ApplicationFilterChain.internalDoFilter(ApplicationFilterChain.java:205)
	at org.apache.catalina.core.ApplicationFilterChain.doFilter(ApplicationFilterChain.java:149)
	at org.apache.tomcat.websocket.server.WsFilter.doFilter(WsFilter.java:51)
	at org.apache.catalina.core.ApplicationFilterChain.internalDoFilter(ApplicationFilterChain.java:174)
	at org.apache.catalina.core.ApplicationFilterChain.doFilter(ApplicationFilterChain.java:149)
	at com.eduribeiro8.LilMarket.security.ratelimiting.RateLimitingFilter.doFilter(RateLimitingFilter.java:51)
	at jakarta.servlet.http.HttpFilter.doFilter(HttpFilter.java:53)
	at org.apache.catalina.core.ApplicationFilterChain.internalDoFilter(ApplicationFilterChain.java:174)
	at org.apache.catalina.core.ApplicationFilterChain.doFilter(ApplicationFilterChain.java:149)
	at org.springframework.security.web.FilterChainProxy.lambda$doFilterInternal$3(FilterChainProxy.java:231)
	at org.springframework.security.web.FilterChainProxy$VirtualFilterChain.doFilter(FilterChainProxy.java:365)
	at com.eduribeiro8.LilMarket.security.logging.LoggingFilter.doFilterInternal(LoggingFilter.java:30)
	at org.springframework.web.filter.OncePerRequestFilter.doFilter(OncePerRequestFilter.java:116)
	at org.springframework.security.web.FilterChainProxy$VirtualFilterChain.doFilter(FilterChainProxy.java:374)
	at org.springframework.security.web.access.intercept.AuthorizationFilter.doFilter(AuthorizationFilter.java:100)
	at org.springframework.security.web.FilterChainProxy$VirtualFilterChain.doFilter(FilterChainProxy.java:374)
	at com.eduribeiro8.LilMarket.security.logging.LoggingPreAuthFilter.doFilter(LoggingPreAuthFilter.java:27)
	at jakarta.servlet.http.HttpFilter.doFilter(HttpFilter.java:53)
	at org.springframework.security.web.FilterChainProxy$VirtualFilterChain.doFilter(FilterChainProxy.java:374)
	at org.springframework.security.web.access.ExceptionTranslationFilter.doFilter(ExceptionTranslationFilter.java:126)
	at org.springframework.security.web.access.ExceptionTranslationFilter.doFilter(ExceptionTranslationFilter.java:120)
	at org.springframework.security.web.FilterChainProxy$VirtualFilterChain.doFilter(FilterChainProxy.java:374)
	at org.springframework.security.web.authentication.AnonymousAuthenticationFilter.doFilter(AnonymousAuthenticationFilter.java:100)
	at org.springframework.security.web.FilterChainProxy$VirtualFilterChain.doFilter(FilterChainProxy.java:374)
	at org.springframework.security.web.servletapi.SecurityContextHolderAwareRequestFilter.doFilter(SecurityContextHolderAwareRequestFilter.java:179)
	at org.springframework.security.web.FilterChainProxy$VirtualFilterChain.doFilter(FilterChainProxy.java:374)
	at org.springframework.security.web.savedrequest.RequestCacheAwareFilter.doFilter(RequestCacheAwareFilter.java:63)
	at org.springframework.security.web.FilterChainProxy$VirtualFilterChain.doFilter(FilterChainProxy.java:374)
	at org.springframework.security.web.authentication.www.BasicAuthenticationFilter.doFilterInternal(BasicAuthenticationFilter.java:200)
	at org.springframework.web.filter.OncePerRequestFilter.doFilter(OncePerRequestFilter.java:116)
	at org.springframework.security.web.FilterChainProxy$VirtualFilterChain.doFilter(FilterChainProxy.java:374)
	at org.springframework.security.web.authentication.logout.LogoutFilter.doFilter(LogoutFilter.java:107)
	at org.springframework.security.web.authentication.logout.LogoutFilter.doFilter(LogoutFilter.java:93)
	at org.springframework.security.web.FilterChainProxy$VirtualFilterChain.doFilter(FilterChainProxy.java:374)
	at org.springframework.security.web.header.HeaderWriterFilter.doHeadersAfter(HeaderWriterFilter.java:90)
	at org.springframework.security.web.header.HeaderWriterFilter.doFilterInternal(HeaderWriterFilter.java:75)
	at org.springframework.web.filter.OncePerRequestFilter.doFilter(OncePerRequestFilter.java:116)
	at org.springframework.security.web.FilterChainProxy$VirtualFilterChain.doFilter(FilterChainProxy.java:374)
	at org.springframework.security.web.context.SecurityContextHolderFilter.doFilter(SecurityContextHolderFilter.java:82)
	at org.springframework.security.web.context.SecurityContextHolderFilter.doFilter(SecurityContextHolderFilter.java:69)
	at org.springframework.security.web.FilterChainProxy$VirtualFilterChain.doFilter(FilterChainProxy.java:374)
	at org.springframework.security.web.context.request.async.WebAsyncManagerIntegrationFilter.doFilterInternal(WebAsyncManagerIntegrationFilter.java:62)
	at org.springframework.web.filter.OncePerRequestFilter.doFilter(OncePerRequestFilter.java:116)
	at org.springframework.security.web.FilterChainProxy$VirtualFilterChain.doFilter(FilterChainProxy.java:374)
	at org.springframework.security.web.session.DisableEncodeUrlFilter.doFilterInternal(DisableEncodeUrlFilter.java:42)
	at org.springframework.web.filter.OncePerRequestFilter.doFilter(OncePerRequestFilter.java:116)
	at org.springframework.security.web.FilterChainProxy$VirtualFilterChain.doFilter(FilterChainProxy.java:374)
	at org.springframework.security.web.FilterChainProxy.doFilterInternal(FilterChainProxy.java:233)
	at org.springframework.security.web.FilterChainProxy.doFilter(FilterChainProxy.java:191)
	at org.springframework.web.filter.DelegatingFilterProxy.invokeDelegate(DelegatingFilterProxy.java:352)
	at org.springframework.web.filter.DelegatingFilterProxy.doFilter(DelegatingFilterProxy.java:268)
	at org.apache.catalina.core.ApplicationFilterChain.internalDoFilter(ApplicationFilterChain.java:174)
	at org.apache.catalina.core.ApplicationFilterChain.doFilter(ApplicationFilterChain.java:149)
	at org.springframework.web.filter.RequestContextFilter.doFilterInternal(RequestContextFilter.java:100)
	at org.springframework.web.filter.OncePerRequestFilter.doFilter(OncePerRequestFilter.java:116)
	at org.apache.catalina.core.ApplicationFilterChain.internalDoFilter(ApplicationFilterChain.java:174)
	at org.apache.catalina.core.ApplicationFilterChain.doFilter(ApplicationFilterChain.java:149)
	at org.springframework.web.filter.FormContentFilter.doFilterInternal(FormContentFilter.java:93)
	at org.springframework.web.filter.OncePerRequestFilter.doFilter(OncePerRequestFilter.java:116)
	at org.apache.catalina.core.ApplicationFilterChain.internalDoFilter(ApplicationFilterChain.java:174)
	at org.apache.catalina.core.ApplicationFilterChain.doFilter(ApplicationFilterChain.java:149)
	at org.springframework.web.filter.CharacterEncodingFilter.doFilterInternal(CharacterEncodingFilter.java:201)
	at org.springframework.web.filter.OncePerRequestFilter.doFilter(OncePerRequestFilter.java:116)
	at org.apache.catalina.core.ApplicationFilterChain.internalDoFilter(ApplicationFilterChain.java:174)
	at org.apache.catalina.core.ApplicationFilterChain.doFilter(ApplicationFilterChain.java:149)
	at org.apache.catalina.core.StandardWrapperValve.invoke(StandardWrapperValve.java:167)
	at org.apache.catalina.core.StandardContextValve.invoke(StandardContextValve.java:90)
	at org.apache.catalina.authenticator.AuthenticatorBase.invoke(AuthenticatorBase.java:482)
	at org.apache.catalina.core.StandardHostValve.invoke(StandardHostValve.java:115)
	at org.apache.catalina.valves.ErrorReportValve.invoke(ErrorReportValve.java:93)
	at org.apache.catalina.core.StandardEngineValve.invoke(StandardEngineValve.java:74)
	at org.apache.catalina.connector.CoyoteAdapter.service(CoyoteAdapter.java:340)
	at org.apache.coyote.http11.Http11Processor.service(Http11Processor.java:391)
	at org.apache.coyote.AbstractProcessorLight.process(AbstractProcessorLight.java:63)
	at org.apache.coyote.AbstractProtocol$ConnectionHandler.process(AbstractProtocol.java:896)
	at org.apache.tomcat.util.net.NioEndpoint$SocketProcessor.doRun(NioEndpoint.java:1744)
	at org.apache.tomcat.util.net.SocketProcessorBase.run(SocketProcessorBase.java:52)
	at org.apache.tomcat.util.threads.ThreadPoolExecutor.runWorker(ThreadPoolExecutor.java:1191)
	at org.apache.tomcat.util.threads.ThreadPoolExecutor$Worker.run(ThreadPoolExecutor.java:659)
	at org.apache.tomcat.util.threads.TaskThread$WrappingRunnable.run(TaskThread.java:61)
	at java.base/java.lang.Thread.run(Thread.java:1570)
2024-08-23 16:59:09 [http-nio-8080-exec-10] INFO  c.e.L.security.logging.LoggingFilter - Incoming request from IP=0:0:0:0:0:0:0:1: POST /error
2024-08-23 16:59:09 [http-nio-8080-exec-10] INFO  c.e.L.security.logging.LoggingFilter - Response to IP=0:0:0:0:0:0:0:1: status=500 duration=4ms
2024-08-23 17:01:28 [http-nio-8080-exec-2] INFO  c.e.L.security.logging.LoggingFilter - Incoming request from IP=0:0:0:0:0:0:0:1: POST /product
2024-08-23 17:01:28 [http-nio-8080-exec-2] INFO  c.e.L.security.logging.LoggingFilter - Incoming request from user=teste3(0:0:0:0:0:0:0:1): POST /product
2024-08-23 17:01:28 [http-nio-8080-exec-2] WARN  o.s.w.s.m.s.DefaultHandlerExceptionResolver - Resolved [org.springframework.web.HttpMediaTypeNotSupportedException: Content-Type 'multipart/form-data;boundary=--------------------------046979045969716638274565;charset=UTF-8' is not supported]
2024-08-23 17:01:28 [http-nio-8080-exec-2] INFO  c.e.L.security.logging.LoggingFilter - Response to user=teste3: status=415 duration=17ms
2024-08-23 17:01:28 [http-nio-8080-exec-2] INFO  c.e.L.security.logging.LoggingFilter - Response to IP=0:0:0:0:0:0:0:1: status=415 duration=17ms
2024-08-23 17:01:28 [http-nio-8080-exec-2] INFO  c.e.L.security.logging.LoggingFilter - Incoming request from IP=0:0:0:0:0:0:0:1: POST /error
2024-08-23 17:01:28 [http-nio-8080-exec-2] INFO  c.e.L.security.logging.LoggingFilter - Response to IP=0:0:0:0:0:0:0:1: status=415 duration=2ms
2024-08-23 17:10:31 [http-nio-8080-exec-5] INFO  c.e.L.security.logging.LoggingFilter - Incoming request from IP=0:0:0:0:0:0:0:1: POST /product
2024-08-23 17:10:31 [http-nio-8080-exec-5] INFO  c.e.L.security.logging.LoggingFilter - Incoming request from user=teste3(0:0:0:0:0:0:0:1): POST /product
2024-08-23 17:10:31 [http-nio-8080-exec-5] WARN  o.s.w.s.m.s.DefaultHandlerExceptionResolver - Resolved [org.springframework.http.converter.HttpMessageNotReadableException: JSON parse error: Invalid numeric value: Leading zeroes not allowed]
2024-08-23 17:10:31 [http-nio-8080-exec-5] INFO  c.e.L.security.logging.LoggingFilter - Response to user=teste3: status=400 duration=4ms
2024-08-23 17:10:31 [http-nio-8080-exec-5] INFO  c.e.L.security.logging.LoggingFilter - Response to IP=0:0:0:0:0:0:0:1: status=400 duration=4ms
2024-08-23 17:10:31 [http-nio-8080-exec-5] INFO  c.e.L.security.logging.LoggingFilter - Incoming request from IP=0:0:0:0:0:0:0:1: POST /error
2024-08-23 17:10:31 [http-nio-8080-exec-5] INFO  c.e.L.security.logging.LoggingFilter - Response to IP=0:0:0:0:0:0:0:1: status=400 duration=2ms
2024-08-23 17:11:12 [http-nio-8080-exec-7] INFO  c.e.L.security.logging.LoggingFilter - Incoming request from IP=0:0:0:0:0:0:0:1: POST /product
2024-08-23 17:11:12 [http-nio-8080-exec-7] INFO  c.e.L.security.logging.LoggingFilter - Incoming request from user=teste3(0:0:0:0:0:0:0:1): POST /product
2024-08-23 17:11:12 [http-nio-8080-exec-7] INFO  c.e.L.security.logging.LoggingFilter - Response to user=teste3: status=200 duration=40ms
2024-08-23 17:11:12 [http-nio-8080-exec-7] INFO  c.e.L.security.logging.LoggingFilter - Response to IP=0:0:0:0:0:0:0:1: status=200 duration=42ms
2024-08-23 17:12:03 [http-nio-8080-exec-8] INFO  c.e.L.security.logging.LoggingFilter - Incoming request from IP=0:0:0:0:0:0:0:1: GET /product
2024-08-23 17:12:03 [http-nio-8080-exec-8] INFO  c.e.L.security.logging.LoggingFilter - Incoming request from IP=0:0:0:0:0:0:0:1: GET /error
2024-08-23 17:12:17 [http-nio-8080-exec-9] INFO  c.e.L.security.logging.LoggingFilter - Incoming request from IP=0:0:0:0:0:0:0:1: GET /product
2024-08-23 17:12:17 [http-nio-8080-exec-9] INFO  c.e.L.security.logging.LoggingFilter - Incoming request from user=teste3(0:0:0:0:0:0:0:1): GET /product
2024-08-23 17:12:17 [http-nio-8080-exec-9] INFO  c.e.L.security.logging.LoggingFilter - Response to user=teste3: status=200 duration=10ms
2024-08-23 17:12:17 [http-nio-8080-exec-9] INFO  c.e.L.security.logging.LoggingFilter - Response to IP=0:0:0:0:0:0:0:1: status=200 duration=11ms
2024-08-23 17:13:02 [http-nio-8080-exec-10] INFO  c.e.L.security.logging.LoggingFilter - Incoming request from IP=0:0:0:0:0:0:0:1: POST /product
2024-08-23 17:13:02 [http-nio-8080-exec-10] INFO  c.e.L.security.logging.LoggingFilter - Incoming request from user=teste3(0:0:0:0:0:0:0:1): POST /product
2024-08-23 17:13:02 [http-nio-8080-exec-10] INFO  c.e.L.security.logging.LoggingFilter - Response to user=teste3: status=200 duration=8ms
2024-08-23 17:13:02 [http-nio-8080-exec-10] INFO  c.e.L.security.logging.LoggingFilter - Response to IP=0:0:0:0:0:0:0:1: status=200 duration=10ms
2024-08-23 17:13:06 [http-nio-8080-exec-1] INFO  c.e.L.security.logging.LoggingFilter - Incoming request from IP=0:0:0:0:0:0:0:1: GET /product
2024-08-23 17:13:06 [http-nio-8080-exec-1] INFO  c.e.L.security.logging.LoggingFilter - Incoming request from user=teste3(0:0:0:0:0:0:0:1): GET /product
2024-08-23 17:13:06 [http-nio-8080-exec-1] INFO  c.e.L.security.logging.LoggingFilter - Response to user=teste3: status=200 duration=4ms
2024-08-23 17:13:06 [http-nio-8080-exec-1] INFO  c.e.L.security.logging.LoggingFilter - Response to IP=0:0:0:0:0:0:0:1: status=200 duration=5ms
2024-08-23 23:06:57 [SpringApplicationShutdownHook] INFO  o.s.o.j.LocalContainerEntityManagerFactoryBean - Closing JPA EntityManagerFactory for persistence unit 'default'
2024-08-23 23:06:57 [SpringApplicationShutdownHook] INFO  com.zaxxer.hikari.HikariDataSource - HikariPool-1 - Shutdown initiated...
2024-08-23 23:06:57 [SpringApplicationShutdownHook] INFO  com.zaxxer.hikari.HikariDataSource - HikariPool-1 - Shutdown completed.
